  Block.cpp
C:\Users\aydan\Documents\GitHub\Pixal-Engine--FYP-Project-\Pixal Engine (FYP Project)\Pixal Engine (FYP Project)\GameObject.h(62,137): warning C4244: 'argument': conversion from 'int' to 'float', possible loss of data
  (compiling source file 'Block.cpp')
  
C:\Users\aydan\Documents\GitHub\Pixal-Engine--FYP-Project-\Pixal Engine (FYP Project)\Pixal Engine (FYP Project)\GameObject.h(62,113): warning C4244: 'argument': conversion from 'int' to 'float', possible loss of data
  (compiling source file 'Block.cpp')
  
C:\Users\aydan\Documents\GitHub\Pixal-Engine--FYP-Project-\Pixal Engine (FYP Project)\Pixal Engine (FYP Project)\Block.cpp(14,102): warning C4244: 'argument': conversion from 'float' to 'int', possible loss of data
C:\Users\aydan\Documents\GitHub\Pixal-Engine--FYP-Project-\Pixal Engine (FYP Project)\Pixal Engine (FYP Project)\Block.cpp(14,76): warning C4244: 'argument': conversion from 'float' to 'int', possible loss of data
C:\Users\aydan\Documents\GitHub\Pixal-Engine--FYP-Project-\Pixal Engine (FYP Project)\Pixal Engine (FYP Project)\Block.cpp(156,128): warning C4244: 'argument': conversion from 'float' to 'int', possible loss of data
C:\Users\aydan\Documents\GitHub\Pixal-Engine--FYP-Project-\Pixal Engine (FYP Project)\Pixal Engine (FYP Project)\Block.cpp(156,112): warning C4244: 'argument': conversion from 'float' to 'int', possible loss of data
  Camera.cpp
C:\Users\aydan\Documents\GitHub\Pixal-Engine--FYP-Project-\Pixal Engine (FYP Project)\Pixal Engine (FYP Project)\GameObject.h(62,137): warning C4244: 'argument': conversion from 'int' to 'float', possible loss of data
  (compiling source file 'Camera.cpp')
  
C:\Users\aydan\Documents\GitHub\Pixal-Engine--FYP-Project-\Pixal Engine (FYP Project)\Pixal Engine (FYP Project)\GameObject.h(62,113): warning C4244: 'argument': conversion from 'int' to 'float', possible loss of data
  (compiling source file 'Camera.cpp')
  
  CodeBlock.cpp
C:\Users\aydan\Documents\GitHub\Pixal-Engine--FYP-Project-\Pixal Engine (FYP Project)\Pixal Engine (FYP Project)\GameObject.h(62,137): warning C4244: 'argument': conversion from 'int' to 'float', possible loss of data
  (compiling source file 'CodeBlock.cpp')
  
C:\Users\aydan\Documents\GitHub\Pixal-Engine--FYP-Project-\Pixal Engine (FYP Project)\Pixal Engine (FYP Project)\GameObject.h(62,113): warning C4244: 'argument': conversion from 'int' to 'float', possible loss of data
  (compiling source file 'CodeBlock.cpp')
  
C:\Users\aydan\Documents\GitHub\Pixal-Engine--FYP-Project-\Pixal Engine (FYP Project)\Pixal Engine (FYP Project)\CodeBlock.cpp(73,67): warning C4244: 'argument': conversion from 'int' to 'float', possible loss of data
C:\Users\aydan\Documents\GitHub\Pixal-Engine--FYP-Project-\Pixal Engine (FYP Project)\Pixal Engine (FYP Project)\CodeBlock.cpp(125,108): warning C4244: '=': conversion from 'unsigned __int64' to 'float', possible loss of data
C:\Users\aydan\Documents\GitHub\Pixal-Engine--FYP-Project-\Pixal Engine (FYP Project)\Pixal Engine (FYP Project)\CodeBlock.cpp(146,128): warning C4244: 'argument': conversion from 'float' to 'int', possible loss of data
C:\Users\aydan\Documents\GitHub\Pixal-Engine--FYP-Project-\Pixal Engine (FYP Project)\Pixal Engine (FYP Project)\CodeBlock.cpp(146,112): warning C4244: 'argument': conversion from 'float' to 'int', possible loss of data
C:\Users\aydan\Documents\GitHub\Pixal-Engine--FYP-Project-\Pixal Engine (FYP Project)\Pixal Engine (FYP Project)\CodeBlock.cpp(152,129): warning C4244: 'argument': conversion from 'float' to 'int', possible loss of data
C:\Users\aydan\Documents\GitHub\Pixal-Engine--FYP-Project-\Pixal Engine (FYP Project)\Pixal Engine (FYP Project)\CodeBlock.cpp(152,113): warning C4244: 'argument': conversion from 'float' to 'int', possible loss of data
C:\Users\aydan\Documents\GitHub\Pixal-Engine--FYP-Project-\Pixal Engine (FYP Project)\Pixal Engine (FYP Project)\CodeBlock.cpp(156,158): warning C4244: 'argument': conversion from 'float' to 'int', possible loss of data
C:\Users\aydan\Documents\GitHub\Pixal-Engine--FYP-Project-\Pixal Engine (FYP Project)\Pixal Engine (FYP Project)\CodeBlock.cpp(156,142): warning C4244: 'argument': conversion from 'float' to 'int', possible loss of data
C:\Users\aydan\Documents\GitHub\Pixal-Engine--FYP-Project-\Pixal Engine (FYP Project)\Pixal Engine (FYP Project)\CodeBlock.cpp(216,64): warning C4244: 'argument': conversion from 'int' to 'float', possible loss of data
C:\Users\aydan\Documents\GitHub\Pixal-Engine--FYP-Project-\Pixal Engine (FYP Project)\Pixal Engine (FYP Project)\CodeBlock.cpp(216,38): warning C4244: 'argument': conversion from 'int' to 'float', possible loss of data
C:\Users\aydan\Documents\GitHub\Pixal-Engine--FYP-Project-\Pixal Engine (FYP Project)\Pixal Engine (FYP Project)\CodeBlock.cpp(233,32): warning C4244: 'argument': conversion from 'int' to 'float', possible loss of data
C:\Users\aydan\Documents\GitHub\Pixal-Engine--FYP-Project-\Pixal Engine (FYP Project)\Pixal Engine (FYP Project)\CodeBlock.cpp(238,32): warning C4244: 'argument': conversion from 'int' to 'float', possible loss of data
C:\Users\aydan\Documents\GitHub\Pixal-Engine--FYP-Project-\Pixal Engine (FYP Project)\Pixal Engine (FYP Project)\CodeBlock.cpp(243,29): warning C4244: 'argument': conversion from 'int' to 'float', possible loss of data
C:\Users\aydan\Documents\GitHub\Pixal-Engine--FYP-Project-\Pixal Engine (FYP Project)\Pixal Engine (FYP Project)\CodeBlock.cpp(247,32): warning C4244: 'argument': conversion from 'int' to 'float', possible loss of data
C:\Users\aydan\Documents\GitHub\Pixal-Engine--FYP-Project-\Pixal Engine (FYP Project)\Pixal Engine (FYP Project)\CodeBlock.cpp(249,39): warning C4244: 'argument': conversion from 'int' to 'float', possible loss of data
C:\Users\aydan\Documents\GitHub\Pixal-Engine--FYP-Project-\Pixal Engine (FYP Project)\Pixal Engine (FYP Project)\CodeBlock.cpp(249,33): warning C4244: 'argument': conversion from 'int' to 'float', possible loss of data
C:\Users\aydan\Documents\GitHub\Pixal-Engine--FYP-Project-\Pixal Engine (FYP Project)\Pixal Engine (FYP Project)\CodeBlock.cpp(262,64): warning C4244: 'argument': conversion from 'int' to 'float', possible loss of data
C:\Users\aydan\Documents\GitHub\Pixal-Engine--FYP-Project-\Pixal Engine (FYP Project)\Pixal Engine (FYP Project)\CodeBlock.cpp(262,38): warning C4244: 'argument': conversion from 'int' to 'float', possible loss of data
C:\Users\aydan\Documents\GitHub\Pixal-Engine--FYP-Project-\Pixal Engine (FYP Project)\Pixal Engine (FYP Project)\CodeBlock.cpp(277,32): warning C4244: 'argument': conversion from 'int' to 'float', possible loss of data
C:\Users\aydan\Documents\GitHub\Pixal-Engine--FYP-Project-\Pixal Engine (FYP Project)\Pixal Engine (FYP Project)\CodeBlock.cpp(279,64): warning C4244: 'argument': conversion from 'int' to 'float', possible loss of data
C:\Users\aydan\Documents\GitHub\Pixal-Engine--FYP-Project-\Pixal Engine (FYP Project)\Pixal Engine (FYP Project)\CodeBlock.cpp(289,41): warning C4244: 'argument': conversion from 'int' to 'float', possible loss of data
C:\Users\aydan\Documents\GitHub\Pixal-Engine--FYP-Project-\Pixal Engine (FYP Project)\Pixal Engine (FYP Project)\CodeBlock.cpp(298,65): warning C4244: 'argument': conversion from 'int' to 'float', possible loss of data
C:\Users\aydan\Documents\GitHub\Pixal-Engine--FYP-Project-\Pixal Engine (FYP Project)\Pixal Engine (FYP Project)\CodeBlock.cpp(298,39): warning C4244: 'argument': conversion from 'int' to 'float', possible loss of data
C:\Users\aydan\Documents\GitHub\Pixal-Engine--FYP-Project-\Pixal Engine (FYP Project)\Pixal Engine (FYP Project)\CodeBlock.cpp(311,36): warning C4244: 'argument': conversion from 'int' to 'float', possible loss of data
C:\Users\aydan\Documents\GitHub\Pixal-Engine--FYP-Project-\Pixal Engine (FYP Project)\Pixal Engine (FYP Project)\CodeBlock.cpp(311,31): warning C4244: 'argument': conversion from 'int' to 'float', possible loss of data
C:\Users\aydan\Documents\GitHub\Pixal-Engine--FYP-Project-\Pixal Engine (FYP Project)\Pixal Engine (FYP Project)\CodeBlock.cpp(323,63): warning C4244: 'argument': conversion from 'int' to 'float', possible loss of data
C:\Users\aydan\Documents\GitHub\Pixal-Engine--FYP-Project-\Pixal Engine (FYP Project)\Pixal Engine (FYP Project)\CodeBlock.cpp(323,37): warning C4244: 'argument': conversion from 'int' to 'float', possible loss of data
C:\Users\aydan\Documents\GitHub\Pixal-Engine--FYP-Project-\Pixal Engine (FYP Project)\Pixal Engine (FYP Project)\CodeBlock.cpp(336,57): warning C4244: 'argument': conversion from 'int' to 'float', possible loss of data
C:\Users\aydan\Documents\GitHub\Pixal-Engine--FYP-Project-\Pixal Engine (FYP Project)\Pixal Engine (FYP Project)\CodeBlock.cpp(355,60): warning C4244: 'argument': conversion from 'int' to 'float', possible loss of data
C:\Users\aydan\Documents\GitHub\Pixal-Engine--FYP-Project-\Pixal Engine (FYP Project)\Pixal Engine (FYP Project)\CodeBlock.cpp(372,63): warning C4244: 'argument': conversion from 'int' to 'float', possible loss of data
C:\Users\aydan\Documents\GitHub\Pixal-Engine--FYP-Project-\Pixal Engine (FYP Project)\Pixal Engine (FYP Project)\CodeBlock.cpp(383,99): warning C4244: 'argument': conversion from 'unsigned __int64' to 'float', possible loss of data
C:\Users\aydan\Documents\GitHub\Pixal-Engine--FYP-Project-\Pixal Engine (FYP Project)\Pixal Engine (FYP Project)\CodeBlock.cpp(391,34): warning C4244: 'argument': conversion from 'int' to 'float', possible loss of data
  CodeBlockParameter.cpp
C:\Users\aydan\Documents\GitHub\Pixal-Engine--FYP-Project-\Pixal Engine (FYP Project)\Pixal Engine (FYP Project)\GameObject.h(62,137): warning C4244: 'argument': conversion from 'int' to 'float', possible loss of data
  (compiling source file 'CodeBlockParameter.cpp')
  
C:\Users\aydan\Documents\GitHub\Pixal-Engine--FYP-Project-\Pixal Engine (FYP Project)\Pixal Engine (FYP Project)\GameObject.h(62,113): warning C4244: 'argument': conversion from 'int' to 'float', possible loss of data
  (compiling source file 'CodeBlockParameter.cpp')
  
C:\Users\aydan\Documents\GitHub\Pixal-Engine--FYP-Project-\Pixal Engine (FYP Project)\Pixal Engine (FYP Project)\CodeBlockParameter.cpp(49,128): warning C4244: 'argument': conversion from 'float' to 'int', possible loss of data
C:\Users\aydan\Documents\GitHub\Pixal-Engine--FYP-Project-\Pixal Engine (FYP Project)\Pixal Engine (FYP Project)\CodeBlockParameter.cpp(49,112): warning C4244: 'argument': conversion from 'float' to 'int', possible loss of data
C:\Users\aydan\Documents\GitHub\Pixal-Engine--FYP-Project-\Pixal Engine (FYP Project)\Pixal Engine (FYP Project)\CodeBlockParameter.cpp(71,34): warning C4244: 'argument': conversion from 'int' to 'float', possible loss of data
C:\Users\aydan\Documents\GitHub\Pixal-Engine--FYP-Project-\Pixal Engine (FYP Project)\Pixal Engine (FYP Project)\CodeBlockParameter.cpp(84,27): warning C4244: 'argument': conversion from 'int' to 'float', possible loss of data
  CodeBlockScript.cpp
C:\Users\aydan\Documents\GitHub\Pixal-Engine--FYP-Project-\Pixal Engine (FYP Project)\Pixal Engine (FYP Project)\GameObject.h(62,137): warning C4244: 'argument': conversion from 'int' to 'float', possible loss of data
  (compiling source file 'CodeBlockScript.cpp')
  
C:\Users\aydan\Documents\GitHub\Pixal-Engine--FYP-Project-\Pixal Engine (FYP Project)\Pixal Engine (FYP Project)\GameObject.h(62,113): warning C4244: 'argument': conversion from 'int' to 'float', possible loss of data
  (compiling source file 'CodeBlockScript.cpp')
  
  GUIButton.cpp
C:\Users\aydan\Documents\GitHub\Pixal-Engine--FYP-Project-\Pixal Engine (FYP Project)\Pixal Engine (FYP Project)\GameObject.h(62,137): warning C4244: 'argument': conversion from 'int' to 'float', possible loss of data
  (compiling source file 'GUIButton.cpp')
  
C:\Users\aydan\Documents\GitHub\Pixal-Engine--FYP-Project-\Pixal Engine (FYP Project)\Pixal Engine (FYP Project)\GameObject.h(62,113): warning C4244: 'argument': conversion from 'int' to 'float', possible loss of data
  (compiling source file 'GUIButton.cpp')
  
C:\Users\aydan\Documents\GitHub\Pixal-Engine--FYP-Project-\Pixal Engine (FYP Project)\Pixal Engine (FYP Project)\GUIButton.cpp(27,37): warning C4244: '=': conversion from 'float' to 'int', possible loss of data
C:\Users\aydan\Documents\GitHub\Pixal-Engine--FYP-Project-\Pixal Engine (FYP Project)\Pixal Engine (FYP Project)\GUIButton.cpp(28,37): warning C4244: '=': conversion from 'float' to 'int', possible loss of data
C:\Users\aydan\Documents\GitHub\Pixal-Engine--FYP-Project-\Pixal Engine (FYP Project)\Pixal Engine (FYP Project)\GUIButton.cpp(29,23): warning C4244: '=': conversion from 'float' to 'int', possible loss of data
C:\Users\aydan\Documents\GitHub\Pixal-Engine--FYP-Project-\Pixal Engine (FYP Project)\Pixal Engine (FYP Project)\GUIButton.cpp(30,23): warning C4244: '=': conversion from 'float' to 'int', possible loss of data
C:\Users\aydan\Documents\GitHub\Pixal-Engine--FYP-Project-\Pixal Engine (FYP Project)\Pixal Engine (FYP Project)\GUIButton.cpp(99,40): warning C4244: '=': conversion from 'float' to 'Uint8', possible loss of data
  GUICanvas.cpp
C:\Users\aydan\Documents\GitHub\Pixal-Engine--FYP-Project-\Pixal Engine (FYP Project)\Pixal Engine (FYP Project)\GameObject.h(62,137): warning C4244: 'argument': conversion from 'int' to 'float', possible loss of data
  (compiling source file 'GUICanvas.cpp')
  
C:\Users\aydan\Documents\GitHub\Pixal-Engine--FYP-Project-\Pixal Engine (FYP Project)\Pixal Engine (FYP Project)\GameObject.h(62,113): warning C4244: 'argument': conversion from 'int' to 'float', possible loss of data
  (compiling source file 'GUICanvas.cpp')
  
C:\Users\aydan\Documents\GitHub\Pixal-Engine--FYP-Project-\Pixal Engine (FYP Project)\Pixal Engine (FYP Project)\GUICanvas.cpp(26,37): warning C4244: '=': conversion from 'float' to 'int', possible loss of data
C:\Users\aydan\Documents\GitHub\Pixal-Engine--FYP-Project-\Pixal Engine (FYP Project)\Pixal Engine (FYP Project)\GUICanvas.cpp(27,37): warning C4244: '=': conversion from 'float' to 'int', possible loss of data
C:\Users\aydan\Documents\GitHub\Pixal-Engine--FYP-Project-\Pixal Engine (FYP Project)\Pixal Engine (FYP Project)\GUICanvas.cpp(28,23): warning C4244: '=': conversion from 'float' to 'int', possible loss of data
C:\Users\aydan\Documents\GitHub\Pixal-Engine--FYP-Project-\Pixal Engine (FYP Project)\Pixal Engine (FYP Project)\GUICanvas.cpp(29,23): warning C4244: '=': conversion from 'float' to 'int', possible loss of data
  GUIText.cpp
C:\Users\aydan\Documents\GitHub\Pixal-Engine--FYP-Project-\Pixal Engine (FYP Project)\Pixal Engine (FYP Project)\GameObject.h(62,137): warning C4244: 'argument': conversion from 'int' to 'float', possible loss of data
  (compiling source file 'GUIText.cpp')
  
C:\Users\aydan\Documents\GitHub\Pixal-Engine--FYP-Project-\Pixal Engine (FYP Project)\Pixal Engine (FYP Project)\GameObject.h(62,113): warning C4244: 'argument': conversion from 'int' to 'float', possible loss of data
  (compiling source file 'GUIText.cpp')
  
  GUITextBlock.cpp
C:\Users\aydan\Documents\GitHub\Pixal-Engine--FYP-Project-\Pixal Engine (FYP Project)\Pixal Engine (FYP Project)\GameObject.h(62,137): warning C4244: 'argument': conversion from 'int' to 'float', possible loss of data
  (compiling source file 'GUITextBlock.cpp')
  
C:\Users\aydan\Documents\GitHub\Pixal-Engine--FYP-Project-\Pixal Engine (FYP Project)\Pixal Engine (FYP Project)\GameObject.h(62,113): warning C4244: 'argument': conversion from 'int' to 'float', possible loss of data
  (compiling source file 'GUITextBlock.cpp')
  
C:\Users\aydan\Documents\GitHub\Pixal-Engine--FYP-Project-\Pixal Engine (FYP Project)\Pixal Engine (FYP Project)\GUITextBlock.cpp(72,91): warning C4244: '=': conversion from 'int' to 'float', possible loss of data
C:\Users\aydan\Documents\GitHub\Pixal-Engine--FYP-Project-\Pixal Engine (FYP Project)\Pixal Engine (FYP Project)\GUITextBlock.cpp(73,91): warning C4244: '=': conversion from 'int' to 'float', possible loss of data
  GUITextBox.cpp
C:\Users\aydan\Documents\GitHub\Pixal-Engine--FYP-Project-\Pixal Engine (FYP Project)\Pixal Engine (FYP Project)\GameObject.h(62,137): warning C4244: 'argument': conversion from 'int' to 'float', possible loss of data
  (compiling source file 'GUITextBox.cpp')
  
C:\Users\aydan\Documents\GitHub\Pixal-Engine--FYP-Project-\Pixal Engine (FYP Project)\Pixal Engine (FYP Project)\GameObject.h(62,113): warning C4244: 'argument': conversion from 'int' to 'float', possible loss of data
  (compiling source file 'GUITextBox.cpp')
  
  GameObject.cpp
C:\Users\aydan\Documents\GitHub\Pixal-Engine--FYP-Project-\Pixal Engine (FYP Project)\Pixal Engine (FYP Project)\GameObject.h(62,137): warning C4244: 'argument': conversion from 'int' to 'float', possible loss of data
  (compiling source file 'GameObject.cpp')
  
C:\Users\aydan\Documents\GitHub\Pixal-Engine--FYP-Project-\Pixal Engine (FYP Project)\Pixal Engine (FYP Project)\GameObject.h(62,113): warning C4244: 'argument': conversion from 'int' to 'float', possible loss of data
  (compiling source file 'GameObject.cpp')
  
C:\Users\aydan\Documents\GitHub\Pixal-Engine--FYP-Project-\Pixal Engine (FYP Project)\Pixal Engine (FYP Project)\GameObject.cpp(19,97): warning C4244: 'argument': conversion from 'float' to 'int', possible loss of data
C:\Users\aydan\Documents\GitHub\Pixal-Engine--FYP-Project-\Pixal Engine (FYP Project)\Pixal Engine (FYP Project)\GameObject.cpp(19,73): warning C4244: 'argument': conversion from 'float' to 'int', possible loss of data
C:\Users\aydan\Documents\GitHub\Pixal-Engine--FYP-Project-\Pixal Engine (FYP Project)\Pixal Engine (FYP Project)\GameObject.cpp(26,64): warning C4244: 'argument': conversion from 'int' to 'float', possible loss of data
C:\Users\aydan\Documents\GitHub\Pixal-Engine--FYP-Project-\Pixal Engine (FYP Project)\Pixal Engine (FYP Project)\GameObject.cpp(26,40): warning C4244: 'argument': conversion from 'int' to 'float', possible loss of data
C:\Users\aydan\Documents\GitHub\Pixal-Engine--FYP-Project-\Pixal Engine (FYP Project)\Pixal Engine (FYP Project)\GameObject.cpp(37,92): warning C4244: 'argument': conversion from 'float' to 'int', possible loss of data
C:\Users\aydan\Documents\GitHub\Pixal-Engine--FYP-Project-\Pixal Engine (FYP Project)\Pixal Engine (FYP Project)\GameObject.cpp(37,69): warning C4244: 'argument': conversion from 'float' to 'int', possible loss of data
C:\Users\aydan\Documents\GitHub\Pixal-Engine--FYP-Project-\Pixal Engine (FYP Project)\Pixal Engine (FYP Project)\GameObject.cpp(72,17): warning C4244: '=': conversion from 'int' to 'float', possible loss of data
C:\Users\aydan\Documents\GitHub\Pixal-Engine--FYP-Project-\Pixal Engine (FYP Project)\Pixal Engine (FYP Project)\GameObject.cpp(73,13): warning C4244: '=': conversion from 'int' to 'float', possible loss of data
  GameScene.cpp
C:\Users\aydan\Documents\GitHub\Pixal-Engine--FYP-Project-\Pixal Engine (FYP Project)\Pixal Engine (FYP Project)\GameObject.h(62,137): warning C4244: 'argument': conversion from 'int' to 'float', possible loss of data
  (compiling source file 'GameScene.cpp')
  
C:\Users\aydan\Documents\GitHub\Pixal-Engine--FYP-Project-\Pixal Engine (FYP Project)\Pixal Engine (FYP Project)\GameObject.h(62,113): warning C4244: 'argument': conversion from 'int' to 'float', possible loss of data
  (compiling source file 'GameScene.cpp')
  
  GameSceneManager.cpp
C:\Users\aydan\Documents\GitHub\Pixal-Engine--FYP-Project-\Pixal Engine (FYP Project)\Pixal Engine (FYP Project)\GameObject.h(62,137): warning C4244: 'argument': conversion from 'int' to 'float', possible loss of data
  (compiling source file 'GameSceneManager.cpp')
  
C:\Users\aydan\Documents\GitHub\Pixal-Engine--FYP-Project-\Pixal Engine (FYP Project)\Pixal Engine (FYP Project)\GameObject.h(62,113): warning C4244: 'argument': conversion from 'int' to 'float', possible loss of data
  (compiling source file 'GameSceneManager.cpp')
  
  InputManager.cpp
C:\Users\aydan\Documents\GitHub\Pixal-Engine--FYP-Project-\Pixal Engine (FYP Project)\Pixal Engine (FYP Project)\InputManager.cpp(19,26): warning C4244: 'argument': conversion from 'int' to 'float', possible loss of data
C:\Users\aydan\Documents\GitHub\Pixal-Engine--FYP-Project-\Pixal Engine (FYP Project)\Pixal Engine (FYP Project)\InputManager.cpp(19,18): warning C4244: 'argument': conversion from 'int' to 'float', possible loss of data
C:\Users\aydan\Documents\GitHub\Pixal-Engine--FYP-Project-\Pixal Engine (FYP Project)\Pixal Engine (FYP Project)\InputManager.cpp(24,46): warning C4244: 'argument': conversion from 'int' to 'float', possible loss of data
C:\Users\aydan\Documents\GitHub\Pixal-Engine--FYP-Project-\Pixal Engine (FYP Project)\Pixal Engine (FYP Project)\InputManager.cpp(24,25): warning C4244: 'argument': conversion from 'int' to 'float', possible loss of data
  Main.cpp
C:\Users\aydan\Documents\GitHub\Pixal-Engine--FYP-Project-\Pixal Engine (FYP Project)\Pixal Engine (FYP Project)\GameObject.h(62,137): warning C4244: 'argument': conversion from 'int' to 'float', possible loss of data
  (compiling source file 'Main.cpp')
  
C:\Users\aydan\Documents\GitHub\Pixal-Engine--FYP-Project-\Pixal Engine (FYP Project)\Pixal Engine (FYP Project)\GameObject.h(62,113): warning C4244: 'argument': conversion from 'int' to 'float', possible loss of data
  (compiling source file 'Main.cpp')
  
C:\Users\aydan\Documents\GitHub\Pixal-Engine--FYP-Project-\Pixal Engine (FYP Project)\Pixal Engine (FYP Project)\Main.cpp(73,65): warning C4244: 'argument': conversion from 'int' to 'float', possible loss of data
C:\Users\aydan\Documents\GitHub\Pixal-Engine--FYP-Project-\Pixal Engine (FYP Project)\Pixal Engine (FYP Project)\Main.cpp(78,66): warning C4244: 'argument': conversion from 'int' to 'float', possible loss of data
C:\Users\aydan\Documents\GitHub\Pixal-Engine--FYP-Project-\Pixal Engine (FYP Project)\Pixal Engine (FYP Project)\Main.cpp(78,168): warning C4244: 'argument': conversion from 'int' to 'float', possible loss of data
C:\Users\aydan\Documents\GitHub\Pixal-Engine--FYP-Project-\Pixal Engine (FYP Project)\Pixal Engine (FYP Project)\Main.cpp(84,10): warning C4244: 'initializing': conversion from 'int' to 'float', possible loss of data
C:\Users\aydan\Documents\GitHub\Pixal-Engine--FYP-Project-\Pixal Engine (FYP Project)\Pixal Engine (FYP Project)\Main.cpp(328,23): warning C4244: '=': conversion from 'Uint32' to 'float', possible loss of data
  Generating Code...
C:\Users\aydan\Documents\GitHub\Pixal-Engine--FYP-Project-\Pixal Engine (FYP Project)\Pixal Engine (FYP Project)\Main.cpp(152,1): warning C4715: 'InitGameWindow': not all control paths return a value
C:\Users\aydan\Documents\GitHub\Pixal-Engine--FYP-Project-\Pixal Engine (FYP Project)\Pixal Engine (FYP Project)\Main.cpp(124,1): warning C4715: 'InitEditorWindow': not all control paths return a value
  Pixal Engine (FYP Project).vcxproj -> C:\Users\aydan\Documents\GitHub\Pixal-Engine--FYP-Project-\Pixal Engine (FYP Project)\x64\Debug\Pixal Engine (FYP Project).exe
